[23:54:32] [main/INFO] (FabricLoader/GameProvider) Loading Minecraft 1.20.1 with Fabric Loader 0.16.14
[23:54:32] [main/INFO] (FabricLoader) Loading 59 mods:
	- fabric-api 0.92.5+1.20.1
	- fabric-api-base 0.4.32+1802ada577
	- fabric-api-lookup-api-v1 1.6.37+1802ada577
	- fabric-biome-api-v1 13.0.14+1802ada577
	- fabric-block-api-v1 1.0.12+1802ada577
	- fabric-block-view-api-v2 1.0.3+924f046a77
	- fabric-blockrenderlayer-v1 1.1.42+1802ada577
	- fabric-client-tags-api-v1 1.1.3+1802ada577
	- fabric-command-api-v1 1.2.35+f71b366f77
	- fabric-command-api-v2 2.2.14+1802ada577
	- fabric-commands-v0 0.2.52+df3654b377
	- fabric-containers-v0 0.1.66+df3654b377
	- fabric-content-registries-v0 4.0.13+1802ada577
	- fabric-convention-tags-v1 1.5.6+1802ada577
	- fabric-crash-report-info-v1 0.2.20+1802ada577
	- fabric-data-attachment-api-v1 1.0.2+de0fd6d177
	- fabric-data-generation-api-v1 12.3.6+1802ada577
	- fabric-dimensions-v1 2.1.55+1802ada577
	- fabric-entity-events-v1 1.6.1+1c78457f77
	- fabric-events-interaction-v0 0.6.4+13a40c6677
	- fabric-events-lifecycle-v0 0.2.64+df3654b377
	- fabric-game-rule-api-v1 1.0.41+1802ada577
	- fabric-gametest-api-v1 1.2.15+1802ada577
	- fabric-item-api-v1 2.1.29+1802ada577
	- fabric-item-group-api-v1 4.0.14+1802ada577
	- fabric-key-binding-api-v1 1.0.38+1802ada577
	- fabric-keybindings-v0 0.2.36+df3654b377
	- fabric-lifecycle-events-v1 2.2.23+1802ada577
	- fabric-loot-api-v2 1.2.3+1802ada577
	- fabric-loot-tables-v1 1.1.47+9e7660c677
	- fabric-message-api-v1 5.1.10+1802ada577
	- fabric-mining-level-api-v1 2.1.52+1802ada577
	- fabric-model-loading-api-v1 1.0.4+1802ada577
	- fabric-models-v0 0.4.3+9386d8a777
	- fabric-networking-api-v1 1.3.13+13a40c6677
	- fabric-networking-v0 0.3.53+df3654b377
	- fabric-object-builder-api-v1 11.1.5+e35120df77
	- fabric-particles-v1 1.1.3+1802ada577
	- fabric-recipe-api-v1 1.0.23+1802ada577
	- fabric-registry-sync-v0 2.3.5+1802ada577
	- fabric-renderer-api-v1 3.2.2+1802ada577
	- fabric-renderer-indigo 1.5.3+85287f9f77
	- fabric-renderer-registries-v1 3.2.47+df3654b377
	- fabric-rendering-data-attachment-v1 0.3.39+92a0d36777
	- fabric-rendering-fluids-v1 3.0.29+1802ada577
	- fabric-rendering-v0 1.1.50+df3654b377
	- fabric-rendering-v1 3.0.9+1802ada577
	- fabric-resource-conditions-api-v1 2.3.9+1802ada577
	- fabric-resource-loader-v0 0.11.12+fb82e9d777
	- fabric-screen-api-v1 2.0.9+1802ada577
	- fabric-screen-handler-api-v1 1.3.32+1802ada577
	- fabric-sound-api-v1 1.0.14+1802ada577
	- fabric-transfer-api-v1 3.3.6+8dd72ea377
	- fabric-transitive-access-wideners-v1 4.3.2+1802ada577
	- fabricloader 0.16.14
	- java 21
	- minecraft 1.20.1
	- mixinextras 0.4.1
	- watersource 1.0.0
[23:54:32] [main/INFO] (FabricLoader/Mixin) SpongePowered MIXIN Subsystem Version=0.8.7 Source=file:/C:/Users/Wirezat/.gradle/caches/modules-2/files-2.1/net.fabricmc/sponge-mixin/0.15.5+mixin.0.8.7/22f9eb729e216a091673a574a5906dc1b9027fb3/sponge-mixin-0.15.5+mixin.0.8.7.jar Service=Knot/Fabric Env=CLIENT
[23:54:33] [main/INFO] (FabricLoader/Mixin) Loaded Fabric development mappings for mixin remapper!
[23:54:33] [main/INFO] (FabricLoader/Mixin) Compatibility level set to JAVA_17
[23:54:34] [main/INFO] (FabricLoader/MixinExtras|Service) Initializing MixinExtras via com.llamalad7.mixinextras.service.MixinExtrasServiceImpl(version=0.4.1).
[23:54:35] [main/WARN] (PerfmonDisabled) Invalid registry value type detected for PerfOS counters. Should be REG_DWORD. Ignoring: HKEY_LOCAL_MACHINE\SYSTEM\CurrentControlSet\Services\PerfOS\Performance\Disable Performance Counters.
[23:54:39] [Datafixer Bootstrap/INFO] (Minecraft) 188 Datafixer optimizations took 105 milliseconds
[23:54:41] [Render thread/INFO] (Minecraft) [STDERR]: [LWJGL] [ThreadLocalUtil] Unsupported JNI version detected, this may result in a crash. Please inform LWJGL developers.
[23:54:42] [Render thread/INFO] (Minecraft) Environment: authHost='https://authserver.mojang.com', accountsHost='https://api.mojang.com', sessionHost='https://sessionserver.mojang.com', servicesHost='https://api.minecraftservices.com', name='PROD'
[23:54:42] [Render thread/ERROR] (Minecraft) Failed to verify authentication
com.mojang.authlib.exceptions.InvalidCredentialsException: Status: 401
	at com.mojang.authlib.exceptions.MinecraftClientHttpException.toAuthenticationException(MinecraftClientHttpException.java:56) ~[authlib-4.0.43.jar:?]
	at com.mojang.authlib.yggdrasil.YggdrasilUserApiService.fetchProperties(YggdrasilUserApiService.java:156) ~[authlib-4.0.43.jar:?]
	at com.mojang.authlib.yggdrasil.YggdrasilUserApiService.<init>(YggdrasilUserApiService.java:55) ~[authlib-4.0.43.jar:?]
	at com.mojang.authlib.yggdrasil.YggdrasilAuthenticationService.createUserApiService(YggdrasilAuthenticationService.java:124) ~[authlib-4.0.43.jar:?]
	at net.minecraft.client.MinecraftClient.createUserApiService(MinecraftClient.java:733) ~[minecraft-clientOnly-7787b014d4-1.20.1-net.fabricmc.yarn.1_20_1.1.20.1+build.10-v2.jar:?]
	at net.minecraft.client.MinecraftClient.<init>(MinecraftClient.java:442) ~[minecraft-clientOnly-7787b014d4-1.20.1-net.fabricmc.yarn.1_20_1.1.20.1+build.10-v2.jar:?]
	at net.minecraft.client.main.Main.main(Main.java:211) ~[minecraft-clientOnly-7787b014d4-1.20.1-net.fabricmc.yarn.1_20_1.1.20.1+build.10-v2.jar:?]
	at net.fabricmc.loader.impl.game.minecraft.MinecraftGameProvider.launch(MinecraftGameProvider.java:480) ~[fabric-loader-0.16.14.jar:?]
	at net.fabricmc.loader.impl.launch.knot.Knot.launch(Knot.java:74) ~[fabric-loader-0.16.14.jar:?]
	at net.fabricmc.loader.impl.launch.knot.KnotClient.main(KnotClient.java:23) ~[fabric-loader-0.16.14.jar:?]
	at net.fabricmc.devlaunchinjector.Main.main(Main.java:86) ~[dev-launch-injector-0.2.1+build.8.jar:?]
Caused by: com.mojang.authlib.exceptions.MinecraftClientHttpException: Status: 401
	at com.mojang.authlib.minecraft.client.MinecraftClient.readInputStream(MinecraftClient.java:85) ~[authlib-4.0.43.jar:?]
	at com.mojang.authlib.minecraft.client.MinecraftClient.get(MinecraftClient.java:48) ~[authlib-4.0.43.jar:?]
	at com.mojang.authlib.yggdrasil.YggdrasilUserApiService.fetchProperties(YggdrasilUserApiService.java:129) ~[authlib-4.0.43.jar:?]
	... 9 more
[23:54:42] [Render thread/INFO] (Minecraft) Setting user: Player563
[23:54:42] [Render thread/INFO] (watersource) Blocks and BlockEntities registered for watersource
[23:54:42] [Render thread/INFO] (watersource) Watersource mod initialized.
[23:54:42] [Render thread/INFO] (Indigo) [Indigo] Registering Indigo renderer!
[23:54:43] [Render thread/INFO] (Minecraft) Backend library: LWJGL version 3.3.2-snapshot
[23:54:44] [Render thread/INFO] (Minecraft) Reloading ResourceManager: vanilla, fabric (fabric-item-group-api-v1, fabric-commands-v0, fabric-networking-api-v1, fabric-loot-tables-v1, fabric-command-api-v2, fabric-api-lookup-api-v1, fabric-model-loading-api-v1, fabric-networking-v0, fabric-lifecycle-events-v1, fabric-block-api-v1, fabric-transitive-access-wideners-v1, fabric-biome-api-v1, fabric-renderer-api-v1, fabric-blockrenderlayer-v1, fabric-rendering-v1, fabric-command-api-v1, fabric-keybindings-v0, fabricloader, fabric-key-binding-api-v1, fabric-convention-tags-v1, fabric-dimensions-v1, fabric-object-builder-api-v1, fabric-data-attachment-api-v1, fabric-api-base, fabric-data-generation-api-v1, fabric-rendering-data-attachment-v1, fabric-loot-api-v2, fabric-renderer-registries-v1, fabric-registry-sync-v0, fabric-item-api-v1, fabric-message-api-v1, fabric-particles-v1, fabric-renderer-indigo, fabric-sound-api-v1, fabric-rendering-v0, fabric-resource-conditions-api-v1, fabric-crash-report-info-v1, watersource, fabric-entity-events-v1, fabric-containers-v0, fabric-events-interaction-v0, fabric-recipe-api-v1, fabric-resource-loader-v0, fabric-gametest-api-v1, fabric-content-registries-v0, fabric-game-rule-api-v1, fabric-client-tags-api-v1, fabric-transfer-api-v1, fabric-models-v0, fabric-events-lifecycle-v0, fabric-api, fabric-screen-api-v1, fabric-block-view-api-v2, fabric-mining-level-api-v1, fabric-rendering-fluids-v1, fabric-screen-handler-api-v1)
[23:54:45] [Worker-Main-8/INFO] (Minecraft) Found unifont_all_no_pua-15.0.06.hex, loading
[23:54:45] [Realms Notification Availability checker #1/INFO] (Minecraft) Could not authorize you against Realms server: Invalid session id
[23:54:45] [Render thread/WARN] (Minecraft) Missing sound for event: minecraft:item.goat_horn.play
[23:54:45] [Render thread/WARN] (Minecraft) Missing sound for event: minecraft:entity.goat.screaming.horn_break
[23:54:46] [Render thread/INFO] (Minecraft) OpenAL initialized on device OpenAL Soft on Lautsprecher (2- SMSL USB DAC)
[23:54:46] [Render thread/INFO] (Minecraft) Sound engine started
[23:54:46] [Render thread/INFO] (Minecraft) Created: 1024x512x4 minecraft:textures/atlas/blocks.png-atlas
[23:54:46] [Render thread/INFO] (Minecraft) Created: 256x256x4 minecraft:textures/atlas/signs.png-atlas
[23:54:46] [Render thread/INFO] (Minecraft) Created: 512x512x4 minecraft:textures/atlas/shield_patterns.png-atlas
[23:54:46] [Render thread/INFO] (Minecraft) Created: 512x512x4 minecraft:textures/atlas/banner_patterns.png-atlas
[23:54:46] [Render thread/INFO] (Minecraft) Created: 1024x1024x4 minecraft:textures/atlas/armor_trims.png-atlas
[23:54:46] [Render thread/INFO] (Minecraft) Created: 128x64x4 minecraft:textures/atlas/decorated_pot.png-atlas
[23:54:46] [Render thread/INFO] (Minecraft) Created: 256x256x4 minecraft:textures/atlas/chest.png-atlas
[23:54:46] [Render thread/INFO] (Minecraft) Created: 512x256x4 minecraft:textures/atlas/shulker_boxes.png-atlas
[23:54:46] [Render thread/INFO] (Minecraft) Created: 512x256x4 minecraft:textures/atlas/beds.png-atlas
[23:54:46] [Render thread/WARN] (Minecraft) Shader rendertype_entity_translucent_emissive could not find sampler named Sampler2 in the specified shader program.
[23:54:46] [Render thread/INFO] (Minecraft) Created: 256x256x0 minecraft:textures/atlas/particles.png-atlas
[23:54:46] [Render thread/INFO] (Minecraft) Created: 256x256x0 minecraft:textures/atlas/paintings.png-atlas
[23:54:46] [Render thread/INFO] (Minecraft) Created: 128x128x0 minecraft:textures/atlas/mob_effects.png-atlas
[23:54:58] [Render thread/INFO] (Minecraft) Loaded 7 recipes
[23:54:58] [Render thread/INFO] (Minecraft) Loaded 1271 advancements
[23:54:58] [Render thread/INFO] (BiomeModificationImpl) Applied 0 biome modifications to 0 of 64 new biomes in 962.8 μs
[23:54:58] [Server thread/INFO] (Minecraft) Starting integrated minecraft server version 1.20.1
[23:54:58] [Server thread/INFO] (Minecraft) Generating keypair
[23:54:58] [Server thread/INFO] (Minecraft) Preparing start region for dimension minecraft:overworld
[23:54:59] [Render thread/INFO] (Minecraft) Preparing spawn area: 0%
[23:54:59] [Render thread/INFO] (Minecraft) Preparing spawn area: 0%
[23:54:59] [Render thread/INFO] (Minecraft) Preparing spawn area: 0%
[23:55:00] [Render thread/INFO] (Minecraft) Preparing spawn area: 83%
[23:55:00] [Render thread/INFO] (Minecraft) Time elapsed: 1725 ms
[23:55:00] [Server thread/INFO] (Minecraft) Changing view distance to 12, from 10
[23:55:00] [Server thread/INFO] (Minecraft) Changing simulation distance to 12, from 0
[23:55:01] [Server thread/INFO] (Minecraft) Player563[local:E:dd44d93a] logged in with entity id 28 at (-55.32716745809471, -60.0, 36.32681644506047)
[23:55:01] [Server thread/INFO] (Minecraft) Player563 joined the game
[23:55:02] [Render thread/INFO] (Minecraft) Loaded 3 advancements
[23:55:02] [Server thread/INFO] (Minecraft) Saving and pausing game...
[23:55:02] [Server thread/INFO] (Minecraft) Saving chunks for level 'ServerLevel[New World]'/minecraft:overworld
[23:55:02] [Server thread/INFO] (Minecraft) Saving chunks for level 'ServerLevel[New World]'/minecraft:the_end
[23:55:02] [Server thread/INFO] (Minecraft) Saving chunks for level 'ServerLevel[New World]'/minecraft:the_nether
[23:55:04] [Worker-Main-12/WARN] (Minecraft) Couldn't look up profile properties for com.mojang.authlib.GameProfile@5d5681c2[id=1e92cadb-e057-30f8-a789-5ce10551ba1e,name=Player563,properties={},legacy=false]
java.lang.IllegalArgumentException: Name and ID cannot both be blank
	at com.mojang.authlib.GameProfile.<init>(GameProfile.java:34) ~[authlib-4.0.43.jar:?]
	at com.mojang.authlib.yggdrasil.YggdrasilMinecraftSessionService.fillGameProfile(YggdrasilMinecraftSessionService.java:181) ~[authlib-4.0.43.jar:?]
	at com.mojang.authlib.yggdrasil.YggdrasilMinecraftSessionService$1.load(YggdrasilMinecraftSessionService.java:51) ~[authlib-4.0.43.jar:?]
	at com.mojang.authlib.yggdrasil.YggdrasilMinecraftSessionService$1.load(YggdrasilMinecraftSessionService.java:48) ~[authlib-4.0.43.jar:?]
	at com.google.common.cache.LocalCache$LoadingValueReference.loadFuture(LocalCache.java:3533) ~[guava-31.1-jre.jar:?]
	at com.google.common.cache.LocalCache$Segment.loadSync(LocalCache.java:2282) ~[guava-31.1-jre.jar:?]
	at com.google.common.cache.LocalCache$Segment.lockedGetOrLoad(LocalCache.java:2159) ~[guava-31.1-jre.jar:?]
	at com.google.common.cache.LocalCache$Segment.get(LocalCache.java:2049) ~[guava-31.1-jre.jar:?]
	at com.google.common.cache.LocalCache.get(LocalCache.java:3966) ~[guava-31.1-jre.jar:?]
	at com.google.common.cache.LocalCache.getOrLoad(LocalCache.java:3989) ~[guava-31.1-jre.jar:?]
	at com.google.common.cache.LocalCache$LocalLoadingCache.get(LocalCache.java:4950) ~[guava-31.1-jre.jar:?]
	at com.google.common.cache.LocalCache$LocalLoadingCache.getUnchecked(LocalCache.java:4956) ~[guava-31.1-jre.jar:?]
	at com.mojang.authlib.yggdrasil.YggdrasilMinecraftSessionService.fillProfileProperties(YggdrasilMinecraftSessionService.java:149) ~[authlib-4.0.43.jar:?]
	at net.minecraft.client.MinecraftClient.getSessionProperties(MinecraftClient.java:2507) ~[minecraft-clientOnly-7787b014d4-1.20.1-net.fabricmc.yarn.1_20_1.1.20.1+build.10-v2.jar:?]
	at net.minecraft.client.texture.PlayerSkinProvider.method_4653(PlayerSkinProvider.java:107) ~[minecraft-clientOnly-7787b014d4-1.20.1-net.fabricmc.yarn.1_20_1.1.20.1+build.10-v2.jar:?]
	at java.util.concurrent.ForkJoinTask$RunnableExecuteAction.exec(ForkJoinTask.java:1423) ~[?:?]
	at java.util.concurrent.ForkJoinTask.doExec(ForkJoinTask.java:387) ~[?:?]
	at java.util.concurrent.ForkJoinPool$WorkQueue.topLevelExec(ForkJoinPool.java:1312) ~[?:?]
	at java.util.concurrent.ForkJoinPool.scan(ForkJoinPool.java:1843) ~[?:?]
	at java.util.concurrent.ForkJoinPool.runWorker(ForkJoinPool.java:1808) ~[?:?]
	at java.util.concurrent.ForkJoinWorkerThread.run(ForkJoinWorkerThread.java:188) ~[?:?]
[23:55:12] [Server thread/INFO] (Minecraft) Saving and pausing game...
[23:55:12] [Server thread/INFO] (Minecraft) Saving chunks for level 'ServerLevel[New World]'/minecraft:overworld
[23:55:12] [Server thread/INFO] (Minecraft) Saving chunks for level 'ServerLevel[New World]'/minecraft:the_end
[23:55:12] [Server thread/INFO] (Minecraft) Saving chunks for level 'ServerLevel[New World]'/minecraft:the_nether
[23:55:12] [Server thread/INFO] (Minecraft) Saving and pausing game...
[23:55:12] [Server thread/INFO] (Minecraft) Saving chunks for level 'ServerLevel[New World]'/minecraft:overworld
[23:55:12] [Server thread/INFO] (Minecraft) Saving chunks for level 'ServerLevel[New World]'/minecraft:the_end
[23:55:12] [Server thread/INFO] (Minecraft) Saving chunks for level 'ServerLevel[New World]'/minecraft:the_nether
[23:55:24] [Server thread/INFO] (Minecraft) Saving and pausing game...
[23:55:24] [Server thread/INFO] (Minecraft) Saving chunks for level 'ServerLevel[New World]'/minecraft:overworld
[23:55:24] [Server thread/INFO] (Minecraft) Saving chunks for level 'ServerLevel[New World]'/minecraft:the_end
[23:55:24] [Server thread/INFO] (Minecraft) Saving chunks for level 'ServerLevel[New World]'/minecraft:the_nether
[23:55:33] [Render thread/INFO] (Minecraft) Stopping!
[23:55:33] [Server thread/INFO] (Minecraft) Player563 lost connection: Disconnected
[23:55:33] [Server thread/INFO] (Minecraft) Player563 left the game
[23:55:33] [Server thread/INFO] (Minecraft) Stopping singleplayer server as player logged out
[23:55:33] [Server thread/INFO] (Minecraft) Stopping server
[23:55:33] [Server thread/INFO] (Minecraft) Saving players
[23:55:33] [Server thread/INFO] (Minecraft) Saving worlds
[23:55:33] [Server thread/INFO] (Minecraft) Saving chunks for level 'ServerLevel[New World]'/minecraft:overworld
